  timer.cc
  log.cc
  file_util.cc
  renderer_es2.cc
  renderer_dx11.cc
f:\workplace\my\arengine\program\src\engine\dx11\renderer_dx11.h(28): warning C4373: 'RendererDx11::SetCullMode': virtual function overrides 'Renderer::SetCullMode', previous versions of the compiler did not override when parameters only differed by const/volatile qualifiers
          f:\workplace\my\arengine\program\src\engine\renderer.h(49) : see declaration of 'Renderer::SetCullMode'
f:\workplace\my\arengine\program\src\engine\dx11\util_dx11.h(5): warning C4099: 'D3DXMATRIX' : type name first seen using 'struct' now seen using 'class'
          f:\workplace\my\arengine\program\lib\dxsdk\include\d3dx10math.h(345) : see declaration of 'D3DXMATRIX'
f:\workplace\my\arengine\program\src\engine\dx11\renderer_dx11.cc(64): warning C4018: '<' : signed/unsigned mismatch
  util.cc
  renderer.cc
  plateform.cc
  image_util.cc
  fbx_importer.cpp
f:\workplace\my\arengine\program\lib\fbxsdk\include\fbxsdk\core\arch\fbxarch.h(155): warning C4005: 'FBXSDK_DLLIMPORT' : macro redefinition
          command-line arguments :  see previous definition of 'FBXSDK_DLLIMPORT'
f:\workplace\my\arengine\program\src\engine\util\fbx\fbx_importer.cpp(200): warning C4244: '=' : conversion from 'fbxsdk_2015_1::FbxDouble' to 'float', possible loss of data
f:\workplace\my\arengine\program\src\engine\util\fbx\fbx_importer.cpp(201): warning C4244: '=' : conversion from 'fbxsdk_2015_1::FbxDouble' to 'float', possible loss of data
f:\workplace\my\arengine\program\src\engine\util\fbx\fbx_importer.cpp(202): warning C4244: '=' : conversion from 'fbxsdk_2015_1::FbxDouble' to 'float', possible loss of data
f:\workplace\my\arengine\program\src\engine\util\fbx\fbx_importer.cpp(220): warning C4244: '=' : conversion from 'double' to 'float', possible loss of data
f:\workplace\my\arengine\program\src\engine\util\fbx\fbx_importer.cpp(221): warning C4244: '=' : conversion from 'double' to 'float', possible loss of data
f:\workplace\my\arengine\program\src\engine\util\fbx\fbx_importer.cpp(222): warning C4244: '=' : conversion from 'double' to 'float', possible loss of data
f:\workplace\my\arengine\program\src\engine\util\fbx\fbx_importer.cpp(223): warning C4244: '=' : conversion from 'double' to 'float', possible loss of data
f:\workplace\my\arengine\program\src\engine\util\fbx\fbx_importer.cpp(229): warning C4244: '=' : conversion from 'double' to 'float', possible loss of data
f:\workplace\my\arengine\program\src\engine\util\fbx\fbx_importer.cpp(230): warning C4244: '=' : conversion from 'double' to 'float', possible loss of data
f:\workplace\my\arengine\program\src\engine\util\fbx\fbx_importer.cpp(231): warning C4244: '=' : conversion from 'double' to 'float', possible loss of data
f:\workplace\my\arengine\program\src\engine\util\fbx\fbx_importer.cpp(232): warning C4244: '=' : conversion from 'double' to 'float', possible loss of data
f:\workplace\my\arengine\program\src\engine\util\fbx\fbx_importer.cpp(243): warning C4244: '=' : conversion from 'double' to 'float', possible loss of data
f:\workplace\my\arengine\program\src\engine\util\fbx\fbx_importer.cpp(244): warning C4244: '=' : conversion from 'double' to 'float', possible loss of data
f:\workplace\my\arengine\program\src\engine\util\fbx\fbx_importer.cpp(245): warning C4244: '=' : conversion from 'double' to 'float', possible loss of data
f:\workplace\my\arengine\program\src\engine\util\fbx\fbx_importer.cpp(246): warning C4244: '=' : conversion from 'double' to 'float', possible loss of data
f:\workplace\my\arengine\program\src\engine\util\fbx\fbx_importer.cpp(251): warning C4244: '=' : conversion from 'double' to 'float', possible loss of data
f:\workplace\my\arengine\program\src\engine\util\fbx\fbx_importer.cpp(252): warning C4244: '=' : conversion from 'double' to 'float', possible loss of data
f:\workplace\my\arengine\program\src\engine\util\fbx\fbx_importer.cpp(253): warning C4244: '=' : conversion from 'double' to 'float', possible loss of data
f:\workplace\my\arengine\program\src\engine\util\fbx\fbx_importer.cpp(254): warning C4244: '=' : conversion from 'double' to 'float', possible loss of data
f:\workplace\my\arengine\program\src\engine\util\fbx\fbx_importer.cpp(282): warning C4244: '=' : conversion from 'fbxsdk_2015_1::FbxDouble' to 'float', possible loss of data
f:\workplace\my\arengine\program\src\engine\util\fbx\fbx_importer.cpp(283): warning C4244: '=' : conversion from 'fbxsdk_2015_1::FbxDouble' to 'float', possible loss of data
f:\workplace\my\arengine\program\src\engine\util\fbx\fbx_importer.cpp(289): warning C4244: '=' : conversion from 'fbxsdk_2015_1::FbxDouble' to 'float', possible loss of data
f:\workplace\my\arengine\program\src\engine\util\fbx\fbx_importer.cpp(290): warning C4244: '=' : conversion from 'fbxsdk_2015_1::FbxDouble' to 'float', possible loss of data
f:\workplace\my\arengine\program\src\engine\util\fbx\fbx_importer.cpp(304): warning C4244: '=' : conversion from 'fbxsdk_2015_1::FbxDouble' to 'float', possible loss of data
f:\workplace\my\arengine\program\src\engine\util\fbx\fbx_importer.cpp(305): warning C4244: '=' : conversion from 'fbxsdk_2015_1::FbxDouble' to 'float', possible loss of data
f:\workplace\my\arengine\program\src\engine\util\fbx\fbx_importer.cpp(331): warning C4244: '=' : conversion from 'fbxsdk_2015_1::FbxDouble' to 'float', possible loss of data
f:\workplace\my\arengine\program\src\engine\util\fbx\fbx_importer.cpp(332): warning C4244: '=' : conversion from 'fbxsdk_2015_1::FbxDouble' to 'float', possible loss of data
f:\workplace\my\arengine\program\src\engine\util\fbx\fbx_importer.cpp(333): warning C4244: '=' : conversion from 'fbxsdk_2015_1::FbxDouble' to 'float', possible loss of data
f:\workplace\my\arengine\program\src\engine\util\fbx\fbx_importer.cpp(339): warning C4244: '=' : conversion from 'fbxsdk_2015_1::FbxDouble' to 'float', possible loss of data
f:\workplace\my\arengine\program\src\engine\util\fbx\fbx_importer.cpp(340): warning C4244: '=' : conversion from 'fbxsdk_2015_1::FbxDouble' to 'float', possible loss of data
f:\workplace\my\arengine\program\src\engine\util\fbx\fbx_importer.cpp(341): warning C4244: '=' : conversion from 'fbxsdk_2015_1::FbxDouble' to 'float', possible loss of data
f:\workplace\my\arengine\program\src\engine\util\fbx\fbx_importer.cpp(352): warning C4244: '=' : conversion from 'fbxsdk_2015_1::FbxDouble' to 'float', possible loss of data
f:\workplace\my\arengine\program\src\engine\util\fbx\fbx_importer.cpp(353): warning C4244: '=' : conversion from 'fbxsdk_2015_1::FbxDouble' to 'float', possible loss of data
f:\workplace\my\arengine\program\src\engine\util\fbx\fbx_importer.cpp(354): warning C4244: '=' : conversion from 'fbxsdk_2015_1::FbxDouble' to 'float', possible loss of data
f:\workplace\my\arengine\program\src\engine\util\fbx\fbx_importer.cpp(359): warning C4244: '=' : conversion from 'fbxsdk_2015_1::FbxDouble' to 'float', possible loss of data
f:\workplace\my\arengine\program\src\engine\util\fbx\fbx_importer.cpp(360): warning C4244: '=' : conversion from 'fbxsdk_2015_1::FbxDouble' to 'float', possible loss of data
f:\workplace\my\arengine\program\src\engine\util\fbx\fbx_importer.cpp(361): warning C4244: '=' : conversion from 'fbxsdk_2015_1::FbxDouble' to 'float', possible loss of data
f:\workplace\my\arengine\program\src\engine\util\fbx\fbx_importer.cpp(390): warning C4244: '=' : conversion from 'fbxsdk_2015_1::FbxDouble' to 'float', possible loss of data
f:\workplace\my\arengine\program\src\engine\util\fbx\fbx_importer.cpp(391): warning C4244: '=' : conversion from 'fbxsdk_2015_1::FbxDouble' to 'float', possible loss of data
f:\workplace\my\arengine\program\src\engine\util\fbx\fbx_importer.cpp(392): warning C4244: '=' : conversion from 'fbxsdk_2015_1::FbxDouble' to 'float', possible loss of data
f:\workplace\my\arengine\program\src\engine\util\fbx\fbx_importer.cpp(398): warning C4244: '=' : conversion from 'fbxsdk_2015_1::FbxDouble' to 'float', possible loss of data
f:\workplace\my\arengine\program\src\engine\util\fbx\fbx_importer.cpp(399): warning C4244: '=' : conversion from 'fbxsdk_2015_1::FbxDouble' to 'float', possible loss of data
f:\workplace\my\arengine\program\src\engine\util\fbx\fbx_importer.cpp(400): warning C4244: '=' : conversion from 'fbxsdk_2015_1::FbxDouble' to 'float', possible loss of data
f:\workplace\my\arengine\program\src\engine\util\fbx\fbx_importer.cpp(411): warning C4244: '=' : conversion from 'fbxsdk_2015_1::FbxDouble' to 'float', possible loss of data
f:\workplace\my\arengine\program\src\engine\util\fbx\fbx_importer.cpp(412): warning C4244: '=' : conversion from 'fbxsdk_2015_1::FbxDouble' to 'float', possible loss of data
f:\workplace\my\arengine\program\src\engine\util\fbx\fbx_importer.cpp(413): warning C4244: '=' : conversion from 'fbxsdk_2015_1::FbxDouble' to 'float', possible loss of data
f:\workplace\my\arengine\program\src\engine\util\fbx\fbx_importer.cpp(418): warning C4244: '=' : conversion from 'fbxsdk_2015_1::FbxDouble' to 'float', possible loss of data
f:\workplace\my\arengine\program\src\engine\util\fbx\fbx_importer.cpp(419): warning C4244: '=' : conversion from 'fbxsdk_2015_1::FbxDouble' to 'float', possible loss of data
f:\workplace\my\arengine\program\src\engine\util\fbx\fbx_importer.cpp(420): warning C4244: '=' : conversion from 'fbxsdk_2015_1::FbxDouble' to 'float', possible loss of data
  csv_parser.cc
f:\workplace\my\arengine\program\src\engine\util\csv_parser.cc(50): warning C4996: 'strcpy': This function or variable may be unsafe. Consider using strcpy_s instead. To disable deprecation, use _CRT_SECURE_NO_WARNINGS. See online help for details.
          e:\program files (x86)\microsoft visual studio 12.0\vc\include\string.h(112) : see declaration of 'strcpy'
f:\workplace\my\arengine\program\src\engine\util\csv_parser.cc(52): warning C4996: 'fopen': This function or variable may be unsafe. Consider using fopen_s instead. To disable deprecation, use _CRT_SECURE_NO_WARNINGS. See online help for details.
          e:\program files (x86)\microsoft visual studio 12.0\vc\include\stdio.h(211) : see declaration of 'fopen'
  assimp_util.cc
f:\workplace\my\arengine\program\src\extern\assimp\src\include\assimp\mesh.h(468): warning C4099: 'aiMesh' : type name first seen using 'class' now seen using 'struct'
          f:\workplace\my\arengine\program\src\engine\util\assimp_util.h(7) : see declaration of 'aiMesh'
f:\workplace\my\arengine\program\src\extern\assimp\src\include\assimp\material.h(634): warning C4099: 'aiMaterial' : type name first seen using 'class' now seen using 'struct'
          f:\workplace\my\arengine\program\src\engine\util\assimp_util.h(8) : see declaration of 'aiMaterial'
f:\workplace\my\arengine\program\src\engine\util\assimp_util.cc(67): warning C4018: '<' : signed/unsigned mismatch
f:\workplace\my\arengine\program\src\engine\util\assimp_util.cc(95): warning C4018: '<' : signed/unsigned mismatch
f:\workplace\my\arengine\program\src\engine\util\assimp_util.cc(161): warning C4018: '<' : signed/unsigned mismatch
  SceneAnimator.cpp
  AnimEvaluator.cpp
  test.cpp
  node.cc
f:\workplace\my\arengine\program\src\engine\scene\node.cc(26): warning C4018: '>=' : signed/unsigned mismatch
f:\workplace\my\arengine\program\src\engine\scene\node.cc(50): warning C4018: '>=' : signed/unsigned mismatch
  light.cc
  camera.cc
  mesh_res.cpp
  texture.cc
f:\workplace\my\arengine\program\src\engine\dx11\renderer_dx11.h(28): warning C4373: 'RendererDx11::SetCullMode': virtual function overrides 'Renderer::SetCullMode', previous versions of the compiler did not override when parameters only differed by const/volatile qualifiers
          f:\workplace\my\arengine\program\src\engine\renderer.h(49) : see declaration of 'Renderer::SetCullMode'
  Generating Code...
f:\workplace\my\arengine\program\src\engine\es2\renderer_es2.cc(133): warning C4715: 'RendererEs2::InitGLES' : not all control paths return a value
f:\workplace\my\arengine\program\src\engine\es2\renderer_es2.cc(84): warning C4715: 'RendererEs2::CreateContext' : not all control paths return a value
  Compiling...
  mesh.cc
f:\workplace\my\arengine\program\src\engine\mesh\mesh.cc(68): warning C4018: '<' : signed/unsigned mismatch
  material.cc
  geometry.cc
  engine.cc
f:\workplace\my\arengine\program\src\engine\dx11\renderer_dx11.h(28): warning C4373: 'RendererDx11::SetCullMode': virtual function overrides 'Renderer::SetCullMode', previous versions of the compiler did not override when parameters only differed by const/volatile qualifiers
          f:\workplace\my\arengine\program\src\engine\renderer.h(49) : see declaration of 'Renderer::SetCullMode'
  util_dx11.cc
f:\workplace\my\arengine\program\lib\dxsdk\include\dxgitype.h(12): warning C4005: 'DXGI_STATUS_OCCLUDED' : macro redefinition
          c:\program files (x86)\windows kits\8.1\include\shared\winerror.h(50002) : see previous definition of 'DXGI_STATUS_OCCLUDED'
f:\workplace\my\arengine\program\lib\dxsdk\include\dxgitype.h(13): warning C4005: 'DXGI_STATUS_CLIPPED' : macro redefinition
          c:\program files (x86)\windows kits\8.1\include\shared\winerror.h(50011) : see previous definition of 'DXGI_STATUS_CLIPPED'
f:\workplace\my\arengine\program\lib\dxsdk\include\dxgitype.h(14): warning C4005: 'DXGI_STATUS_NO_REDIRECTION' : macro redefinition
          c:\program files (x86)\windows kits\8.1\include\shared\winerror.h(50020) : see previous definition of 'DXGI_STATUS_NO_REDIRECTION'
f:\workplace\my\arengine\program\lib\dxsdk\include\dxgitype.h(15): warning C4005: 'DXGI_STATUS_NO_DESKTOP_ACCESS' : macro redefinition
          c:\program files (x86)\windows kits\8.1\include\shared\winerror.h(50029) : see previous definition of 'DXGI_STATUS_NO_DESKTOP_ACCESS'
f:\workplace\my\arengine\program\lib\dxsdk\include\dxgitype.h(16): warning C4005: 'DXGI_STATUS_GRAPHICS_VIDPN_SOURCE_IN_USE' : macro redefinition
          c:\program files (x86)\windows kits\8.1\include\shared\winerror.h(50038) : see previous definition of 'DXGI_STATUS_GRAPHICS_VIDPN_SOURCE_IN_USE'
f:\workplace\my\arengine\program\lib\dxsdk\include\dxgitype.h(17): warning C4005: 'DXGI_STATUS_MODE_CHANGED' : macro redefinition
          c:\program files (x86)\windows kits\8.1\include\shared\winerror.h(50047) : see previous definition of 'DXGI_STATUS_MODE_CHANGED'
f:\workplace\my\arengine\program\lib\dxsdk\include\dxgitype.h(18): warning C4005: 'DXGI_STATUS_MODE_CHANGE_IN_PROGRESS' : macro redefinition
          c:\program files (x86)\windows kits\8.1\include\shared\winerror.h(50056) : see previous definition of 'DXGI_STATUS_MODE_CHANGE_IN_PROGRESS'
f:\workplace\my\arengine\program\lib\dxsdk\include\dxgitype.h(21): warning C4005: 'DXGI_ERROR_INVALID_CALL' : macro redefinition
          c:\program files (x86)\windows kits\8.1\include\shared\winerror.h(50071) : see previous definition of 'DXGI_ERROR_INVALID_CALL'
f:\workplace\my\arengine\program\lib\dxsdk\include\dxgitype.h(22): warning C4005: 'DXGI_ERROR_NOT_FOUND' : macro redefinition
          c:\program files (x86)\windows kits\8.1\include\shared\winerror.h(50080) : see previous definition of 'DXGI_ERROR_NOT_FOUND'
f:\workplace\my\arengine\program\lib\dxsdk\include\dxgitype.h(23): warning C4005: 'DXGI_ERROR_MORE_DATA' : macro redefinition
          c:\program files (x86)\windows kits\8.1\include\shared\winerror.h(50089) : see previous definition of 'DXGI_ERROR_MORE_DATA'
f:\workplace\my\arengine\program\lib\dxsdk\include\dxgitype.h(24): warning C4005: 'DXGI_ERROR_UNSUPPORTED' : macro redefinition
          c:\program files (x86)\windows kits\8.1\include\shared\winerror.h(50098) : see previous definition of 'DXGI_ERROR_UNSUPPORTED'
f:\workplace\my\arengine\program\lib\dxsdk\include\dxgitype.h(25): warning C4005: 'DXGI_ERROR_DEVICE_REMOVED' : macro redefinition
          c:\program files (x86)\windows kits\8.1\include\shared\winerror.h(50107) : see previous definition of 'DXGI_ERROR_DEVICE_REMOVED'
f:\workplace\my\arengine\program\lib\dxsdk\include\dxgitype.h(26): warning C4005: 'DXGI_ERROR_DEVICE_HUNG' : macro redefinition
          c:\program files (x86)\windows kits\8.1\include\shared\winerror.h(50116) : see previous definition of 'DXGI_ERROR_DEVICE_HUNG'
f:\workplace\my\arengine\program\lib\dxsdk\include\dxgitype.h(27): warning C4005: 'DXGI_ERROR_DEVICE_RESET' : macro redefinition
          c:\program files (x86)\windows kits\8.1\include\shared\winerror.h(50126) : see previous definition of 'DXGI_ERROR_DEVICE_RESET'
f:\workplace\my\arengine\program\lib\dxsdk\include\dxgitype.h(28): warning C4005: 'DXGI_ERROR_WAS_STILL_DRAWING' : macro redefinition
          c:\program files (x86)\windows kits\8.1\include\shared\winerror.h(50135) : see previous definition of 'DXGI_ERROR_WAS_STILL_DRAWING'
f:\workplace\my\arengine\program\lib\dxsdk\include\dxgitype.h(29): warning C4005: 'DXGI_ERROR_FRAME_STATISTICS_DISJOINT' : macro redefinition
          c:\program files (x86)\windows kits\8.1\include\shared\winerror.h(50145) : see previous definition of 'DXGI_ERROR_FRAME_STATISTICS_DISJOINT'
f:\workplace\my\arengine\program\lib\dxsdk\include\dxgitype.h(30): warning C4005: 'DXGI_ERROR_GRAPHICS_VIDPN_SOURCE_IN_USE' : macro redefinition
          c:\program files (x86)\windows kits\8.1\include\shared\winerror.h(50154) : see previous definition of 'DXGI_ERROR_GRAPHICS_VIDPN_SOURCE_IN_USE'
f:\workplace\my\arengine\program\lib\dxsdk\include\dxgitype.h(31): warning C4005: 'DXGI_ERROR_DRIVER_INTERNAL_ERROR' : macro redefinition
          c:\program files (x86)\windows kits\8.1\include\shared\winerror.h(50164) : see previous definition of 'DXGI_ERROR_DRIVER_INTERNAL_ERROR'
f:\workplace\my\arengine\program\lib\dxsdk\include\dxgitype.h(32): warning C4005: 'DXGI_ERROR_NONEXCLUSIVE' : macro redefinition
          c:\program files (x86)\windows kits\8.1\include\shared\winerror.h(50173) : see previous definition of 'DXGI_ERROR_NONEXCLUSIVE'
f:\workplace\my\arengine\program\lib\dxsdk\include\dxgitype.h(33): warning C4005: 'DXGI_ERROR_NOT_CURRENTLY_AVAILABLE' : macro redefinition
          c:\program files (x86)\windows kits\8.1\include\shared\winerror.h(50182) : see previous definition of 'DXGI_ERROR_NOT_CURRENTLY_AVAILABLE'
f:\workplace\my\arengine\program\lib\dxsdk\include\dxgitype.h(34): warning C4005: 'DXGI_ERROR_REMOTE_CLIENT_DISCONNECTED' : macro redefinition
          c:\program files (x86)\windows kits\8.1\include\shared\winerror.h(50192) : see previous definition of 'DXGI_ERROR_REMOTE_CLIENT_DISCONNECTED'
f:\workplace\my\arengine\program\lib\dxsdk\include\dxgitype.h(35): warning C4005: 'DXGI_ERROR_REMOTE_OUTOFMEMORY' : macro redefinition
          c:\program files (x86)\windows kits\8.1\include\shared\winerror.h(50201) : see previous definition of 'DXGI_ERROR_REMOTE_OUTOFMEMORY'
f:\workplace\my\arengine\program\lib\dxsdk\include\d3d10.h(615): warning C4005: 'D3D10_ERROR_TOO_MANY_UNIQUE_STATE_OBJECTS' : macro redefinition
          c:\program files (x86)\windows kits\8.1\include\shared\winerror.h(50355) : see previous definition of 'D3D10_ERROR_TOO_MANY_UNIQUE_STATE_OBJECTS'
f:\workplace\my\arengine\program\lib\dxsdk\include\d3d10.h(616): warning C4005: 'D3D10_ERROR_FILE_NOT_FOUND' : macro redefinition
          c:\program files (x86)\windows kits\8.1\include\shared\winerror.h(50364) : see previous definition of 'D3D10_ERROR_FILE_NOT_FOUND'
f:\workplace\my\arengine\program\lib\dxsdk\include\d3dx10math.h(345): warning C4099: 'D3DXMATRIX' : type name first seen using 'class' now seen using 'struct'
          f:\workplace\my\arengine\program\src\engine\dx11\util_dx11.h(5) : see declaration of 'D3DXMATRIX'
  texture_dx11.cc
f:\workplace\my\arengine\program\src\engine\dx11\renderer_dx11.h(28): warning C4373: 'RendererDx11::SetCullMode': virtual function overrides 'Renderer::SetCullMode', previous versions of the compiler did not override when parameters only differed by const/volatile qualifiers
          f:\workplace\my\arengine\program\src\engine\renderer.h(49) : see declaration of 'Renderer::SetCullMode'
  material_dx11.cc
f:\workplace\my\arengine\program\src\engine\dx11\renderer_dx11.h(28): warning C4373: 'RendererDx11::SetCullMode': virtual function overrides 'Renderer::SetCullMode', previous versions of the compiler did not override when parameters only differed by const/volatile qualifiers
          f:\workplace\my\arengine\program\src\engine\renderer.h(49) : see declaration of 'Renderer::SetCullMode'
  geometry_dx11.cc
f:\workplace\my\arengine\program\src\engine\dx11\renderer_dx11.h(28): warning C4373: 'RendererDx11::SetCullMode': virtual function overrides 'Renderer::SetCullMode', previous versions of the compiler did not override when parameters only differed by const/volatile qualifiers
          f:\workplace\my\arengine\program\src\engine\renderer.h(49) : see declaration of 'Renderer::SetCullMode'
  camera.cpp
f:\workplace\my\arengine\program\src\engine\dx11\util_dx11.h(5): warning C4099: 'D3DXMATRIX' : type name first seen using 'struct' now seen using 'class'
          f:\workplace\my\arengine\program\lib\dxsdk\include\d3dx10math.h(345) : see declaration of 'D3DXMATRIX'
f:\workplace\my\arengine\program\src\engine\camera\camera.cpp(117): warning C4244: '-=' : conversion from 'const double' to 'float', possible loss of data
f:\workplace\my\arengine\program\src\engine\camera\camera.cpp(118): warning C4244: '+=' : conversion from 'const double' to 'float', possible loss of data
f:\workplace\my\arengine\program\src\engine\camera\camera.cpp(120): warning C4244: '-=' : conversion from 'const double' to 'float', possible loss of data
f:\workplace\my\arengine\program\src\engine\camera\camera.cpp(121): warning C4244: '+=' : conversion from 'const double' to 'float', possible loss of data
f:\workplace\my\arengine\program\src\engine\camera\camera.cpp(123): warning C4244: '-=' : conversion from 'const double' to 'float', possible loss of data
f:\workplace\my\arengine\program\src\engine\camera\camera.cpp(124): warning C4244: '+=' : conversion from 'const double' to 'float', possible loss of data
  object.cpp
  Generating Code...
F:\workplace\my\AREngine\program\src\\..\obj\engine\Debug\camera.obj : warning LNK4042: object specified more than once; extras ignored
util.obj : warning LNK4221: This object file does not define any previously undefined public symbols, so it will not be used by any link operation that consumes this library
  engine.vcxproj -> F:\workplace\my\AREngine\program\src\\..\bin\win32\engine_d.lib
